<?xml version="1.0" encoding="UTF-8"?>
<testsuite xmlns:xsi="http://www.w3.org/2001/XMLSchema-instance" xsi:noNamespaceSchemaLocation="https://maven.apache.org/surefire/maven-surefire-plugin/xsd/surefire-test-report.xsd" name="com.ewb.DistanceTest" time="0.024" tests="5" errors="0" skipped="0" failures="0">
  <properties>
    <property name="gopherProxySet" value="false"/>
    <property name="awt.toolkit" value="sun.lwawt.macosx.LWCToolkit"/>
    <property name="java.specification.version" value="11"/>
    <property name="sun.cpu.isalist" value=""/>
    <property name="sun.jnu.encoding" value="UTF-8"/>
    <property name="java.class.path" value="/Users/amendoza/Desktop/EWB_auxiliar/solr-ewb-pairs-similar-docs/solr-similar-plugin/target/test-classes:/Users/amendoza/Desktop/EWB_auxiliar/solr-ewb-pairs-similar-docs/solr-similar-plugin/target/classes:/Users/amendoza/.m2/repository/org/apache/commons/commons-lang3/3.11/commons-lang3-3.11.jar:/Users/amendoza/.m2/repository/org/apache/lucene/lucene-core/9.0.0/lucene-core-9.0.0.jar:/Users/amendoza/.m2/repository/org/apache/lucene/lucene-queries/9.0.0/lucene-queries-9.0.0.jar:/Users/amendoza/.m2/repository/org/apache/lucene/lucene-analyzers-common/8.11.2/lucene-analyzers-common-8.11.2.jar:/Users/amendoza/.m2/repository/org/apache/solr/solr-solrj/9.0.0/solr-solrj-9.0.0.jar:/Users/amendoza/.m2/repository/org/eclipse/jetty/http2/http2-client/9.4.44.v20210927/http2-client-9.4.44.v20210927.jar:/Users/amendoza/.m2/repository/org/eclipse/jetty/jetty-alpn-client/9.4.44.v20210927/jetty-alpn-client-9.4.44.v20210927.jar:/Users/amendoza/.m2/repository/org/apache/httpcomponents/httpmime/4.5.13/httpmime-4.5.13.jar:/Users/amendoza/.m2/repository/org/slf4j/slf4j-api/1.7.36/slf4j-api-1.7.36.jar:/Users/amendoza/.m2/repository/org/apache/commons/commons-math3/3.6.1/commons-math3-3.6.1.jar:/Users/amendoza/.m2/repository/org/eclipse/jetty/http2/http2-http-client-transport/9.4.44.v20210927/http2-http-client-transport-9.4.44.v20210927.jar:/Users/amendoza/.m2/repository/org/eclipse/jetty/jetty-http/9.4.44.v20210927/jetty-http-9.4.44.v20210927.jar:/Users/amendoza/.m2/repository/org/eclipse/jetty/jetty-client/9.4.44.v20210927/jetty-client-9.4.44.v20210927.jar:/Users/amendoza/.m2/repository/org/eclipse/jetty/jetty-util/9.4.44.v20210927/jetty-util-9.4.44.v20210927.jar:/Users/amendoza/.m2/repository/org/apache/httpcomponents/httpclient/4.5.13/httpclient-4.5.13.jar:/Users/amendoza/.m2/repository/org/apache/httpcomponents/httpcore/4.4.15/httpcore-4.4.15.jar:/Users/amendoza/.m2/repository/org/apache/zookeeper/zookeeper/3.7.0/zookeeper-3.7.0.jar:/Users/amendoza/.m2/repository/io/netty/netty-handler/4.1.59.Final/netty-handler-4.1.59.Final.jar:/Users/amendoza/.m2/repository/io/netty/netty-common/4.1.59.Final/netty-common-4.1.59.Final.jar:/Users/amendoza/.m2/repository/io/netty/netty-resolver/4.1.59.Final/netty-resolver-4.1.59.Final.jar:/Users/amendoza/.m2/repository/io/netty/netty-buffer/4.1.59.Final/netty-buffer-4.1.59.Final.jar:/Users/amendoza/.m2/repository/io/netty/netty-transport/4.1.59.Final/netty-transport-4.1.59.Final.jar:/Users/amendoza/.m2/repository/io/netty/netty-codec/4.1.59.Final/netty-codec-4.1.59.Final.jar:/Users/amendoza/.m2/repository/io/netty/netty-transport-native-epoll/4.1.59.Final/netty-transport-native-epoll-4.1.59.Final.jar:/Users/amendoza/.m2/repository/io/netty/netty-transport-native-unix-common/4.1.59.Final/netty-transport-native-unix-common-4.1.59.Final.jar:/Users/amendoza/.m2/repository/org/apache/zookeeper/zookeeper-jute/3.7.0/zookeeper-jute-3.7.0.jar:/Users/amendoza/.m2/repository/org/slf4j/jcl-over-slf4j/1.7.36/jcl-over-slf4j-1.7.36.jar:/Users/amendoza/.m2/repository/org/eclipse/jetty/jetty-alpn-java-client/9.4.44.v20210927/jetty-alpn-java-client-9.4.44.v20210927.jar:/Users/amendoza/.m2/repository/org/apache/solr/solr-core/9.0.0/solr-core-9.0.0.jar:/Users/amendoza/.m2/repository/org/apache/lucene/lucene-analysis-common/9.0.0/lucene-analysis-common-9.0.0.jar:/Users/amendoza/.m2/repository/io/dropwizard/metrics/metrics-core/4.1.5/metrics-core-4.1.5.jar:/Users/amendoza/.m2/repository/io/opentracing/opentracing-api/0.33.0/opentracing-api-0.33.0.jar:/Users/amendoza/.m2/repository/io/dropwizard/metrics/metrics-graphite/4.1.5/metrics-graphite-4.1.5.jar:/Users/amendoza/.m2/repository/io/dropwizard/metrics/metrics-jmx/4.1.5/metrics-jmx-4.1.5.jar:/Users/amendoza/.m2/repository/io/dropwizard/metrics/metrics-jvm/4.1.5/metrics-jvm-4.1.5.jar:/Users/amendoza/.m2/repository/org/eclipse/jetty/jetty-alpn-server/9.4.44.v20210927/jetty-alpn-server-9.4.44.v20210927.jar:/Users/amendoza/.m2/repository/org/eclipse/jetty/jetty-rewrite/9.4.44.v20210927/jetty-rewrite-9.4.44.v20210927.jar:/Users/amendoza/.m2/repository/org/eclipse/jetty/jetty-server/9.4.44.v20210927/jetty-server-9.4.44.v20210927.jar:/Users/amendoza/.m2/repository/org/eclipse/jetty/jetty-servlet/9.4.44.v20210927/jetty-servlet-9.4.44.v20210927.jar:/Users/amendoza/.m2/repository/org/eclipse/jetty/jetty-security/9.4.44.v20210927/jetty-security-9.4.44.v20210927.jar:/Users/amendoza/.m2/repository/org/eclipse/jetty/jetty-util-ajax/9.4.44.v20210927/jetty-util-ajax-9.4.44.v20210927.jar:/Users/amendoza/.m2/repository/org/eclipse/jetty/http2/http2-server/9.4.44.v20210927/http2-server-9.4.44.v20210927.jar:/Users/amendoza/.m2/repository/javax/servlet/javax.servlet-api/3.1.0/javax.servlet-api-3.1.0.jar:/Users/amendoza/.m2/repository/org/apache/lucene/lucene-codecs/9.0.0/lucene-codecs-9.0.0.jar:/Users/amendoza/.m2/repository/org/apache/lucene/lucene-classification/9.0.0/lucene-classification-9.0.0.jar:/Users/amendoza/.m2/repository/org/apache/lucene/lucene-expressions/9.0.0/lucene-expressions-9.0.0.jar:/Users/amendoza/.m2/repository/org/antlr/antlr4-runtime/4.5.1-1/antlr4-runtime-4.5.1-1.jar:/Users/amendoza/.m2/repository/org/ow2/asm/asm/7.2/asm-7.2.jar:/Users/amendoza/.m2/repository/org/ow2/asm/asm-commons/7.2/asm-commons-7.2.jar:/Users/amendoza/.m2/repository/org/apache/lucene/lucene-grouping/9.0.0/lucene-grouping-9.0.0.jar:/Users/amendoza/.m2/repository/org/apache/lucene/lucene-highlighter/9.0.0/lucene-highlighter-9.0.0.jar:/Users/amendoza/.m2/repository/org/apache/lucene/lucene-memory/9.0.0/lucene-memory-9.0.0.jar:/Users/amendoza/.m2/repository/org/apache/lucene/lucene-join/9.0.0/lucene-join-9.0.0.jar:/Users/amendoza/.m2/repository/org/apache/lucene/lucene-misc/9.0.0/lucene-misc-9.0.0.jar:/Users/amendoza/.m2/repository/org/apache/lucene/lucene-queryparser/9.0.0/lucene-queryparser-9.0.0.jar:/Users/amendoza/.m2/repository/org/apache/lucene/lucene-sandbox/9.0.0/lucene-sandbox-9.0.0.jar:/Users/amendoza/.m2/repository/org/apache/lucene/lucene-spatial-extras/9.0.0/lucene-spatial-extras-9.0.0.jar:/Users/amendoza/.m2/repository/org/apache/lucene/lucene-spatial3d/9.0.0/lucene-spatial3d-9.0.0.jar:/Users/amendoza/.m2/repository/io/sgr/s2-geometry-library-java/1.0.0/s2-geometry-library-java-1.0.0.jar:/Users/amendoza/.m2/repository/org/apache/lucene/lucene-suggest/9.0.0/lucene-suggest-9.0.0.jar:/Users/amendoza/.m2/repository/com/google/guava/guava/31.0.1-jre/guava-31.0.1-jre.jar:/Users/amendoza/.m2/repository/com/google/guava/failureaccess/1.0.1/failureaccess-1.0.1.jar:/Users/amendoza/.m2/repository/com/google/guava/listenablefuture/9999.0-empty-to-avoid-conflict-with-guava/listenablefuture-9999.0-empty-to-avoid-conflict-with-guava.jar:/Users/amendoza/.m2/repository/org/checkerframework/checker-qual/3.12.0/checker-qual-3.12.0.jar:/Users/amendoza/.m2/repository/com/google/errorprone/error_prone_annotations/2.7.1/error_prone_annotations-2.7.1.jar:/Users/amendoza/.m2/repository/com/google/j2objc/j2objc-annotations/1.3/j2objc-annotations-1.3.jar:/Users/amendoza/.m2/repository/commons-io/commons-io/2.11.0/commons-io-2.11.0.jar:/Users/amendoza/.m2/repository/com/carrotsearch/hppc/0.8.2/hppc-0.8.2.jar:/Users/amendoza/.m2/repository/org/apache/commons/commons-collections4/4.4/commons-collections4-4.4.jar:/Users/amendoza/.m2/repository/com/github/ben-manes/caffeine/caffeine/3.0.5/caffeine-3.0.5.jar:/Users/amendoza/.m2/repository/commons-codec/commons-codec/1.15/commons-codec-1.15.jar:/Users/amendoza/.m2/repository/commons-cli/commons-cli/1.4/commons-cli-1.4.jar:/Users/amendoza/.m2/repository/org/locationtech/spatial4j/spatial4j/0.8/spatial4j-0.8.jar:/Users/amendoza/.m2/repository/com/fasterxml/jackson/core/jackson-annotations/2.13.2/jackson-annotations-2.13.2.jar:/Users/amendoza/.m2/repository/com/fasterxml/jackson/core/jackson-core/2.13.2/jackson-core-2.13.2.jar:/Users/amendoza/.m2/repository/com/fasterxml/jackson/core/jackson-databind/2.13.2.2/jackson-databind-2.13.2.2.jar:/Users/amendoza/.m2/repository/com/fasterxml/jackson/dataformat/jackson-dataformat-smile/2.13.2/jackson-dataformat-smile-2.13.2.jar:/Users/amendoza/.m2/repository/com/github/zafarkhaja/java-semver/0.9.0/java-semver-0.9.0.jar:/Users/amendoza/.m2/repository/com/jayway/jsonpath/json-path/2.4.0/json-path-2.4.0.jar:/Users/amendoza/.m2/repository/com/tdunning/t-digest/3.1/t-digest-3.1.jar:/Users/amendoza/.m2/repository/io/opentracing/opentracing-noop/0.33.0/opentracing-noop-0.33.0.jar:/Users/amendoza/.m2/repository/io/opentracing/opentracing-util/0.33.0/opentracing-util-0.33.0.jar:/Users/amendoza/.m2/repository/org/apache/commons/commons-exec/1.3/commons-exec-1.3.jar:/Users/amendoza/.m2/repository/org/apache/commons/commons-text/1.8/commons-text-1.8.jar:/Users/amendoza/.m2/repository/org/apache/logging/log4j/log4j-api/2.17.1/log4j-api-2.17.1.jar:/Users/amendoza/.m2/repository/org/apache/logging/log4j/log4j-core/2.17.1/log4j-core-2.17.1.jar:/Users/amendoza/.m2/repository/org/apache/logging/log4j/log4j-slf4j-impl/2.17.1/log4j-slf4j-impl-2.17.1.jar:/Users/amendoza/.m2/repository/org/codehaus/woodstox/stax2-api/4.2.1/stax2-api-4.2.1.jar:/Users/amendoza/.m2/repository/com/fasterxml/woodstox/woodstox-core/6.2.8/woodstox-core-6.2.8.jar:/Users/amendoza/.m2/repository/org/eclipse/jetty/jetty-io/9.4.44.v20210927/jetty-io-9.4.44.v20210927.jar:/Users/amendoza/.m2/repository/org/eclipse/jetty/http2/http2-common/9.4.44.v20210927/http2-common-9.4.44.v20210927.jar:/Users/amendoza/.m2/repository/org/eclipse/jetty/http2/http2-hpack/9.4.44.v20210927/http2-hpack-9.4.44.v20210927.jar:/Users/amendoza/.m2/repository/org/eclipse/jetty/jetty-alpn-java-server/9.4.44.v20210927/jetty-alpn-java-server-9.4.44.v20210927.jar:/Users/amendoza/.m2/repository/org/apache/lucene/lucene-analysis-kuromoji/9.0.0/lucene-analysis-kuromoji-9.0.0.jar:/Users/amendoza/.m2/repository/org/apache/lucene/lucene-analysis-nori/9.0.0/lucene-analysis-nori-9.0.0.jar:/Users/amendoza/.m2/repository/org/apache/lucene/lucene-analysis-phonetic/9.0.0/lucene-analysis-phonetic-9.0.0.jar:/Users/amendoza/.m2/repository/org/apache/lucene/lucene-backward-codecs/9.0.0/lucene-backward-codecs-9.0.0.jar:/Users/amendoza/.m2/repository/org/xerial/snappy/snappy-java/1.1.8.2/snappy-java-1.1.8.2.jar:/Users/amendoza/.m2/repository/junit/junit/4.11/junit-4.11.jar:/Users/amendoza/.m2/repository/org/hamcrest/hamcrest-core/1.3/hamcrest-core-1.3.jar:"/>
    <property name="java.vm.vendor" value="Oracle Corporation"/>
    <property name="sun.arch.data.model" value="64"/>
    <property name="java.vendor.url" value="https://openjdk.java.net/"/>
    <property name="user.timezone" value=""/>
    <property name="java.vm.specification.version" value="11"/>
    <property name="os.name" value="Mac OS X"/>
    <property name="sun.java.launcher" value="SUN_STANDARD"/>
    <property name="user.country" value="ES"/>
    <property name="sun.boot.library.path" value="/Library/Java/JavaVirtualMachines/jdk-11.jdk/Contents/Home/lib"/>
    <property name="sun.java.command" value="/Users/amendoza/Desktop/EWB_auxiliar/solr-ewb-pairs-similar-docs/solr-similar-plugin/target/surefire/surefirebooter16969849670032649593.jar /Users/amendoza/Desktop/EWB_auxiliar/solr-ewb-pairs-similar-docs/solr-similar-plugin/target/surefire 2023-07-05T17-15-41_201-jvmRun1 surefire9656424718381844155tmp surefire_012791511857725606926tmp"/>
    <property name="http.nonProxyHosts" value="local|*.local|169.254/16|*.169.254/16"/>
    <property name="jdk.debug" value="release"/>
    <property name="surefire.test.class.path" value="/Users/amendoza/Desktop/EWB_auxiliar/solr-ewb-pairs-similar-docs/solr-similar-plugin/target/test-classes:/Users/amendoza/Desktop/EWB_auxiliar/solr-ewb-pairs-similar-docs/solr-similar-plugin/target/classes:/Users/amendoza/.m2/repository/org/apache/commons/commons-lang3/3.11/commons-lang3-3.11.jar:/Users/amendoza/.m2/repository/org/apache/lucene/lucene-core/9.0.0/lucene-core-9.0.0.jar:/Users/amendoza/.m2/repository/org/apache/lucene/lucene-queries/9.0.0/lucene-queries-9.0.0.jar:/Users/amendoza/.m2/repository/org/apache/lucene/lucene-analyzers-common/8.11.2/lucene-analyzers-common-8.11.2.jar:/Users/amendoza/.m2/repository/org/apache/solr/solr-solrj/9.0.0/solr-solrj-9.0.0.jar:/Users/amendoza/.m2/repository/org/eclipse/jetty/http2/http2-client/9.4.44.v20210927/http2-client-9.4.44.v20210927.jar:/Users/amendoza/.m2/repository/org/eclipse/jetty/jetty-alpn-client/9.4.44.v20210927/jetty-alpn-client-9.4.44.v20210927.jar:/Users/amendoza/.m2/repository/org/apache/httpcomponents/httpmime/4.5.13/httpmime-4.5.13.jar:/Users/amendoza/.m2/repository/org/slf4j/slf4j-api/1.7.36/slf4j-api-1.7.36.jar:/Users/amendoza/.m2/repository/org/apache/commons/commons-math3/3.6.1/commons-math3-3.6.1.jar:/Users/amendoza/.m2/repository/org/eclipse/jetty/http2/http2-http-client-transport/9.4.44.v20210927/http2-http-client-transport-9.4.44.v20210927.jar:/Users/amendoza/.m2/repository/org/eclipse/jetty/jetty-http/9.4.44.v20210927/jetty-http-9.4.44.v20210927.jar:/Users/amendoza/.m2/repository/org/eclipse/jetty/jetty-client/9.4.44.v20210927/jetty-client-9.4.44.v20210927.jar:/Users/amendoza/.m2/repository/org/eclipse/jetty/jetty-util/9.4.44.v20210927/jetty-util-9.4.44.v20210927.jar:/Users/amendoza/.m2/repository/org/apache/httpcomponents/httpclient/4.5.13/httpclient-4.5.13.jar:/Users/amendoza/.m2/repository/org/apache/httpcomponents/httpcore/4.4.15/httpcore-4.4.15.jar:/Users/amendoza/.m2/repository/org/apache/zookeeper/zookeeper/3.7.0/zookeeper-3.7.0.jar:/Users/amendoza/.m2/repository/io/netty/netty-handler/4.1.59.Final/netty-handler-4.1.59.Final.jar:/Users/amendoza/.m2/repository/io/netty/netty-common/4.1.59.Final/netty-common-4.1.59.Final.jar:/Users/amendoza/.m2/repository/io/netty/netty-resolver/4.1.59.Final/netty-resolver-4.1.59.Final.jar:/Users/amendoza/.m2/repository/io/netty/netty-buffer/4.1.59.Final/netty-buffer-4.1.59.Final.jar:/Users/amendoza/.m2/repository/io/netty/netty-transport/4.1.59.Final/netty-transport-4.1.59.Final.jar:/Users/amendoza/.m2/repository/io/netty/netty-codec/4.1.59.Final/netty-codec-4.1.59.Final.jar:/Users/amendoza/.m2/repository/io/netty/netty-transport-native-epoll/4.1.59.Final/netty-transport-native-epoll-4.1.59.Final.jar:/Users/amendoza/.m2/repository/io/netty/netty-transport-native-unix-common/4.1.59.Final/netty-transport-native-unix-common-4.1.59.Final.jar:/Users/amendoza/.m2/repository/org/apache/zookeeper/zookeeper-jute/3.7.0/zookeeper-jute-3.7.0.jar:/Users/amendoza/.m2/repository/org/slf4j/jcl-over-slf4j/1.7.36/jcl-over-slf4j-1.7.36.jar:/Users/amendoza/.m2/repository/org/eclipse/jetty/jetty-alpn-java-client/9.4.44.v20210927/jetty-alpn-java-client-9.4.44.v20210927.jar:/Users/amendoza/.m2/repository/org/apache/solr/solr-core/9.0.0/solr-core-9.0.0.jar:/Users/amendoza/.m2/repository/org/apache/lucene/lucene-analysis-common/9.0.0/lucene-analysis-common-9.0.0.jar:/Users/amendoza/.m2/repository/io/dropwizard/metrics/metrics-core/4.1.5/metrics-core-4.1.5.jar:/Users/amendoza/.m2/repository/io/opentracing/opentracing-api/0.33.0/opentracing-api-0.33.0.jar:/Users/amendoza/.m2/repository/io/dropwizard/metrics/metrics-graphite/4.1.5/metrics-graphite-4.1.5.jar:/Users/amendoza/.m2/repository/io/dropwizard/metrics/metrics-jmx/4.1.5/metrics-jmx-4.1.5.jar:/Users/amendoza/.m2/repository/io/dropwizard/metrics/metrics-jvm/4.1.5/metrics-jvm-4.1.5.jar:/Users/amendoza/.m2/repository/org/eclipse/jetty/jetty-alpn-server/9.4.44.v20210927/jetty-alpn-server-9.4.44.v20210927.jar:/Users/amendoza/.m2/repository/org/eclipse/jetty/jetty-rewrite/9.4.44.v20210927/jetty-rewrite-9.4.44.v20210927.jar:/Users/amendoza/.m2/repository/org/eclipse/jetty/jetty-server/9.4.44.v20210927/jetty-server-9.4.44.v20210927.jar:/Users/amendoza/.m2/repository/org/eclipse/jetty/jetty-servlet/9.4.44.v20210927/jetty-servlet-9.4.44.v20210927.jar:/Users/amendoza/.m2/repository/org/eclipse/jetty/jetty-security/9.4.44.v20210927/jetty-security-9.4.44.v20210927.jar:/Users/amendoza/.m2/repository/org/eclipse/jetty/jetty-util-ajax/9.4.44.v20210927/jetty-util-ajax-9.4.44.v20210927.jar:/Users/amendoza/.m2/repository/org/eclipse/jetty/http2/http2-server/9.4.44.v20210927/http2-server-9.4.44.v20210927.jar:/Users/amendoza/.m2/repository/javax/servlet/javax.servlet-api/3.1.0/javax.servlet-api-3.1.0.jar:/Users/amendoza/.m2/repository/org/apache/lucene/lucene-codecs/9.0.0/lucene-codecs-9.0.0.jar:/Users/amendoza/.m2/repository/org/apache/lucene/lucene-classification/9.0.0/lucene-classification-9.0.0.jar:/Users/amendoza/.m2/repository/org/apache/lucene/lucene-expressions/9.0.0/lucene-expressions-9.0.0.jar:/Users/amendoza/.m2/repository/org/antlr/antlr4-runtime/4.5.1-1/antlr4-runtime-4.5.1-1.jar:/Users/amendoza/.m2/repository/org/ow2/asm/asm/7.2/asm-7.2.jar:/Users/amendoza/.m2/repository/org/ow2/asm/asm-commons/7.2/asm-commons-7.2.jar:/Users/amendoza/.m2/repository/org/apache/lucene/lucene-grouping/9.0.0/lucene-grouping-9.0.0.jar:/Users/amendoza/.m2/repository/org/apache/lucene/lucene-highlighter/9.0.0/lucene-highlighter-9.0.0.jar:/Users/amendoza/.m2/repository/org/apache/lucene/lucene-memory/9.0.0/lucene-memory-9.0.0.jar:/Users/amendoza/.m2/repository/org/apache/lucene/lucene-join/9.0.0/lucene-join-9.0.0.jar:/Users/amendoza/.m2/repository/org/apache/lucene/lucene-misc/9.0.0/lucene-misc-9.0.0.jar:/Users/amendoza/.m2/repository/org/apache/lucene/lucene-queryparser/9.0.0/lucene-queryparser-9.0.0.jar:/Users/amendoza/.m2/repository/org/apache/lucene/lucene-sandbox/9.0.0/lucene-sandbox-9.0.0.jar:/Users/amendoza/.m2/repository/org/apache/lucene/lucene-spatial-extras/9.0.0/lucene-spatial-extras-9.0.0.jar:/Users/amendoza/.m2/repository/org/apache/lucene/lucene-spatial3d/9.0.0/lucene-spatial3d-9.0.0.jar:/Users/amendoza/.m2/repository/io/sgr/s2-geometry-library-java/1.0.0/s2-geometry-library-java-1.0.0.jar:/Users/amendoza/.m2/repository/org/apache/lucene/lucene-suggest/9.0.0/lucene-suggest-9.0.0.jar:/Users/amendoza/.m2/repository/com/google/guava/guava/31.0.1-jre/guava-31.0.1-jre.jar:/Users/amendoza/.m2/repository/com/google/guava/failureaccess/1.0.1/failureaccess-1.0.1.jar:/Users/amendoza/.m2/repository/com/google/guava/listenablefuture/9999.0-empty-to-avoid-conflict-with-guava/listenablefuture-9999.0-empty-to-avoid-conflict-with-guava.jar:/Users/amendoza/.m2/repository/org/checkerframework/checker-qual/3.12.0/checker-qual-3.12.0.jar:/Users/amendoza/.m2/repository/com/google/errorprone/error_prone_annotations/2.7.1/error_prone_annotations-2.7.1.jar:/Users/amendoza/.m2/repository/com/google/j2objc/j2objc-annotations/1.3/j2objc-annotations-1.3.jar:/Users/amendoza/.m2/repository/commons-io/commons-io/2.11.0/commons-io-2.11.0.jar:/Users/amendoza/.m2/repository/com/carrotsearch/hppc/0.8.2/hppc-0.8.2.jar:/Users/amendoza/.m2/repository/org/apache/commons/commons-collections4/4.4/commons-collections4-4.4.jar:/Users/amendoza/.m2/repository/com/github/ben-manes/caffeine/caffeine/3.0.5/caffeine-3.0.5.jar:/Users/amendoza/.m2/repository/commons-codec/commons-codec/1.15/commons-codec-1.15.jar:/Users/amendoza/.m2/repository/commons-cli/commons-cli/1.4/commons-cli-1.4.jar:/Users/amendoza/.m2/repository/org/locationtech/spatial4j/spatial4j/0.8/spatial4j-0.8.jar:/Users/amendoza/.m2/repository/com/fasterxml/jackson/core/jackson-annotations/2.13.2/jackson-annotations-2.13.2.jar:/Users/amendoza/.m2/repository/com/fasterxml/jackson/core/jackson-core/2.13.2/jackson-core-2.13.2.jar:/Users/amendoza/.m2/repository/com/fasterxml/jackson/core/jackson-databind/2.13.2.2/jackson-databind-2.13.2.2.jar:/Users/amendoza/.m2/repository/com/fasterxml/jackson/dataformat/jackson-dataformat-smile/2.13.2/jackson-dataformat-smile-2.13.2.jar:/Users/amendoza/.m2/repository/com/github/zafarkhaja/java-semver/0.9.0/java-semver-0.9.0.jar:/Users/amendoza/.m2/repository/com/jayway/jsonpath/json-path/2.4.0/json-path-2.4.0.jar:/Users/amendoza/.m2/repository/com/tdunning/t-digest/3.1/t-digest-3.1.jar:/Users/amendoza/.m2/repository/io/opentracing/opentracing-noop/0.33.0/opentracing-noop-0.33.0.jar:/Users/amendoza/.m2/repository/io/opentracing/opentracing-util/0.33.0/opentracing-util-0.33.0.jar:/Users/amendoza/.m2/repository/org/apache/commons/commons-exec/1.3/commons-exec-1.3.jar:/Users/amendoza/.m2/repository/org/apache/commons/commons-text/1.8/commons-text-1.8.jar:/Users/amendoza/.m2/repository/org/apache/logging/log4j/log4j-api/2.17.1/log4j-api-2.17.1.jar:/Users/amendoza/.m2/repository/org/apache/logging/log4j/log4j-core/2.17.1/log4j-core-2.17.1.jar:/Users/amendoza/.m2/repository/org/apache/logging/log4j/log4j-slf4j-impl/2.17.1/log4j-slf4j-impl-2.17.1.jar:/Users/amendoza/.m2/repository/org/codehaus/woodstox/stax2-api/4.2.1/stax2-api-4.2.1.jar:/Users/amendoza/.m2/repository/com/fasterxml/woodstox/woodstox-core/6.2.8/woodstox-core-6.2.8.jar:/Users/amendoza/.m2/repository/org/eclipse/jetty/jetty-io/9.4.44.v20210927/jetty-io-9.4.44.v20210927.jar:/Users/amendoza/.m2/repository/org/eclipse/jetty/http2/http2-common/9.4.44.v20210927/http2-common-9.4.44.v20210927.jar:/Users/amendoza/.m2/repository/org/eclipse/jetty/http2/http2-hpack/9.4.44.v20210927/http2-hpack-9.4.44.v20210927.jar:/Users/amendoza/.m2/repository/org/eclipse/jetty/jetty-alpn-java-server/9.4.44.v20210927/jetty-alpn-java-server-9.4.44.v20210927.jar:/Users/amendoza/.m2/repository/org/apache/lucene/lucene-analysis-kuromoji/9.0.0/lucene-analysis-kuromoji-9.0.0.jar:/Users/amendoza/.m2/repository/org/apache/lucene/lucene-analysis-nori/9.0.0/lucene-analysis-nori-9.0.0.jar:/Users/amendoza/.m2/repository/org/apache/lucene/lucene-analysis-phonetic/9.0.0/lucene-analysis-phonetic-9.0.0.jar:/Users/amendoza/.m2/repository/org/apache/lucene/lucene-backward-codecs/9.0.0/lucene-backward-codecs-9.0.0.jar:/Users/amendoza/.m2/repository/org/xerial/snappy/snappy-java/1.1.8.2/snappy-java-1.1.8.2.jar:/Users/amendoza/.m2/repository/junit/junit/4.11/junit-4.11.jar:/Users/amendoza/.m2/repository/org/hamcrest/hamcrest-core/1.3/hamcrest-core-1.3.jar:"/>
    <property name="sun.cpu.endian" value="little"/>
    <property name="user.home" value="/Users/amendoza"/>
    <property name="user.language" value="en"/>
    <property name="java.specification.vendor" value="Oracle Corporation"/>
    <property name="java.version.date" value="2023-01-17"/>
    <property name="java.home" value="/Library/Java/JavaVirtualMachines/jdk-11.jdk/Contents/Home"/>
    <property name="file.separator" value="/"/>
    <property name="basedir" value="/Users/amendoza/Desktop/EWB_auxiliar/solr-ewb-pairs-similar-docs/solr-similar-plugin"/>
    <property name="java.vm.compressedOopsMode" value="Zero based"/>
    <property name="line.separator" value="&#10;"/>
    <property name="java.specification.name" value="Java Platform API Specification"/>
    <property name="java.vm.specification.vendor" value="Oracle Corporation"/>
    <property name="java.awt.graphicsenv" value="sun.awt.CGraphicsEnvironment"/>
    <property name="surefire.real.class.path" value="/Users/amendoza/Desktop/EWB_auxiliar/solr-ewb-pairs-similar-docs/solr-similar-plugin/target/surefire/surefirebooter16969849670032649593.jar"/>
    <property name="sun.management.compiler" value="HotSpot 64-Bit Tiered Compilers"/>
    <property name="ftp.nonProxyHosts" value="local|*.local|169.254/16|*.169.254/16"/>
    <property name="java.runtime.version" value="11.0.18+9-LTS-195"/>
    <property name="user.name" value="amendoza"/>
    <property name="path.separator" value=":"/>
    <property name="os.version" value="13.3.1"/>
    <property name="java.runtime.name" value="Java(TM) SE Runtime Environment"/>
    <property name="file.encoding" value="UTF-8"/>
    <property name="java.vm.name" value="Java HotSpot(TM) 64-Bit Server VM"/>
    <property name="java.vendor.version" value="18.9"/>
    <property name="localRepository" value="/Users/amendoza/.m2/repository"/>
    <property name="java.vendor.url.bug" value="https://bugreport.java.com/bugreport/"/>
    <property name="java.io.tmpdir" value="/var/folders/9m/crr2g9dn6flbs4qt2mgsc9lw0002x4/T/"/>
    <property name="java.version" value="11.0.18"/>
    <property name="user.dir" value="/Users/amendoza/Desktop/EWB_auxiliar/solr-ewb-pairs-similar-docs/solr-similar-plugin"/>
    <property name="os.arch" value="aarch64"/>
    <property name="java.vm.specification.name" value="Java Virtual Machine Specification"/>
    <property name="java.awt.printerjob" value="sun.lwawt.macosx.CPrinterJob"/>
    <property name="sun.os.patch.level" value="unknown"/>
    <property name="java.library.path" value="/Users/amendoza/Library/Java/Extensions:/Library/Java/Extensions:/Network/Library/Java/Extensions:/System/Library/Java/Extensions:/usr/lib/java:."/>
    <property name="java.vendor" value="Oracle Corporation"/>
    <property name="java.vm.info" value="mixed mode"/>
    <property name="java.vm.version" value="11.0.18+9-LTS-195"/>
    <property name="sun.io.unicode.encoding" value="UnicodeBig"/>
    <property name="java.class.version" value="55.0"/>
    <property name="socksNonProxyHosts" value="local|*.local|169.254/16|*.169.254/16"/>
  </properties>
  <testcase name="testSecondApproach" classname="com.ewb.DistanceTest" time="0.002"/>
  <testcase name="testFirstApproach" classname="com.ewb.DistanceTest" time="0.001"/>
  <testcase name="testJensenShannonDivergence1" classname="com.ewb.DistanceTest" time="0.001"/>
  <testcase name="testJensenShannonDivergence2" classname="com.ewb.DistanceTest" time="0.001"/>
  <testcase name="testJensenShannonDivergence3" classname="com.ewb.DistanceTest" time="0"/>
</testsuite>